e:\google drive\personal\osu_classes\362\homework\5\dominion\dominion\debug\vc141.pdb
e:\google drive\personal\osu_classes\362\homework\5\dominion\dominion\debug\vc141.idb
e:\google drive\personal\osu_classes\362\homework\5\dominion\dominion\debug\dominion.obj
e:\google drive\personal\osu_classes\362\homework\5\dominion\dominion\debug\rngs.obj
e:\google drive\personal\osu_classes\362\homework\5\dominion\dominion\debug\unittest3.obj
e:\google drive\personal\osu_classes\362\homework\5\dominion\dominion\debug\randomtestcard2.obj
e:\google drive\personal\osu_classes\362\homework\5\dominion\debug\dominion.ilk
e:\google drive\personal\osu_classes\362\homework\5\dominion\debug\dominion.exe
e:\google drive\personal\osu_classes\362\homework\5\dominion\debug\dominion.pdb
e:\google drive\personal\osu_classes\362\homework\5\dominion\dominion\debug\dominion.tlog\cl.command.1.tlog
e:\google drive\personal\osu_classes\362\homework\5\dominion\dominion\debug\dominion.tlog\cl.read.1.tlog
e:\google drive\personal\osu_classes\362\homework\5\dominion\dominion\debug\dominion.tlog\cl.write.1.tlog
e:\google drive\personal\osu_classes\362\homework\5\dominion\dominion\debug\dominion.tlog\link.6076-cvtres.read.1.tlog
e:\google drive\personal\osu_classes\362\homework\5\dominion\dominion\debug\dominion.tlog\link.6076-cvtres.write.1.tlog
e:\google drive\personal\osu_classes\362\homework\5\dominion\dominion\debug\dominion.tlog\link.6076-rc.read.1.tlog
e:\google drive\personal\osu_classes\362\homework\5\dominion\dominion\debug\dominion.tlog\link.6076-rc.write.1.tlog
e:\google drive\personal\osu_classes\362\homework\5\dominion\dominion\debug\dominion.tlog\link.6076.read.1.tlog
e:\google drive\personal\osu_classes\362\homework\5\dominion\dominion\debug\dominion.tlog\link.6076.write.1.tlog
e:\google drive\personal\osu_classes\362\homework\5\dominion\dominion\debug\dominion.tlog\link.command.1.tlog
e:\google drive\personal\osu_classes\362\homework\5\dominion\dominion\debug\dominion.tlog\link.read.1.tlog
e:\google drive\personal\osu_classes\362\homework\5\dominion\dominion\debug\dominion.tlog\link.write.1.tlog
